<?xml version="1.0" encoding="UTF-8"?>
<testsuite name="org.example.AppTest" tests="1" skipped="0" failures="0" errors="0" timestamp="2025-06-12T11:43:13" hostname="Ryans-MacBook-Pro-4.local" time="0.007">
  <properties/>
  <testcase name="appHasAGreeting()" classname="org.example.AppTest" time="0.007"/>
  <system-out><![CDATA[]]></system-out>
  <system-err><![CDATA[]]></system-err>
</testsuite>
